<?xml version="1.0"?>
<NunitGoTest xmlns:xsd="http://www.w3.org/2001/XMLSchema" xmlns:xsi="http://www.w3.org/2001/XMLSchema-instance">
  <Name>Test 8</Name>
  <FullName>NunitTestsExample.ParamTestClass.Test 8</FullName>
  <ClassName>ParamTestClass</ClassName>
  <ProjectName>NunitTestsExample</ProjectName>
  <TestDuration>0.10001</TestDuration>
  <DateTimeStart>2016-03-03T12:32:57.4869217+03:00</DateTimeStart>
  <DateTimeFinish>2016-03-03T12:32:57.5869317+03:00</DateTimeFinish>
  <TestStackTrace />
  <TestMessage />
  <Result>Passed</Result>
  <Guid>11111111-1111-1111-1111-111111111148</Guid>
  <AttachmentsPath>C:\_NUnitGoResults\Attachments\11111111-1111-1111-1111-111111111148\</AttachmentsPath>
  <TestHrefRelative>Attachments/11111111-1111-1111-1111-111111111148/Test-16-03-03-12-32-57-586.html</TestHrefRelative>
  <TestHrefAbsolute>http://prog124.local.katharsis.ru:1240/AutomatedTests/templates/_ReportsPK8IntegrationTests/Date_2014_11_10_Time_14_48_49/Attachments/11111111-1111-1111-1111-111111111148/Test-16-03-03-12-32-57-586.html</TestHrefAbsolute>
  <LogHref />
  <HasOutput>false</HasOutput>
  <Screenshots />
  <Events />
</NunitGoTest>