<?xml version="1.0"?>
<NunitGoTest xmlns:xsd="http://www.w3.org/2001/XMLSchema" xmlns:xsi="http://www.w3.org/2001/XMLSchema-instance">
  <Name>param test 1</Name>
  <FullName>NunitTestsExample2.TestClass1.param test 1</FullName>
  <ClassName>TestClass1</ClassName>
  <ProjectName>NunitTestsExample2</ProjectName>
  <TestDuration>0.43204319999999996</TestDuration>
  <DateTimeStart>2016-03-03T12:51:45.3286946+03:00</DateTimeStart>
  <DateTimeFinish>2016-03-03T12:51:45.7607378+03:00</DateTimeFinish>
  <TestStackTrace>в NunitTestsExample2.TestClass1.ParamTestName2(String input, Int32 expected, String guid) в c:\_GitHubProjects\NUnitGo\NunitTestsExample2\TestClass1.cs:строка 34
</TestStackTrace>
  <TestMessage>  String lengths are both 1. Strings differ at index 0.
  Expected: "0"
  But was:  "1"
  -----------^
</TestMessage>
  <Result>Failed</Result>
  <Guid>11111111-1111-1111-1111-111111111214</Guid>
  <AttachmentsPath>C:\_NUnitGoResults\Attachments\11111111-1111-1111-1111-111111111214\</AttachmentsPath>
  <TestHrefRelative>Attachments/11111111-1111-1111-1111-111111111214/test-16-03-03-12-51-45-760.html</TestHrefRelative>
  <TestHrefAbsolute>http://prog124.local.katharsis.ru:1240/AutomatedTests/templates/_ReportsPK8IntegrationTests/Date_2014_11_10_Time_14_48_49/Attachments/11111111-1111-1111-1111-111111111214/test-16-03-03-12-51-45-760.html</TestHrefAbsolute>
  <LogHref />
  <HasOutput>false</HasOutput>
  <Screenshots>
    <Screenshot>
      <Name>screenshot_20160303125145760.png</Name>
      <Date>2016-03-03T12:51:45.7607378+03:00</Date>
    </Screenshot>
  </Screenshots>
  <Events>
    <TestEvent>
      <Name>Test event 1</Name>
      <Started>2016-03-03T12:51:45.5287146+03:00</Started>
      <Finished>2016-03-03T12:51:45.7487366+03:00</Finished>
    </TestEvent>
  </Events>
</NunitGoTest>