<?xml version="1.0"?>
<NunitGoTest xmlns:xsd="http://www.w3.org/2001/XMLSchema" xmlns:xsi="http://www.w3.org/2001/XMLSchema-instance">
  <Name>ParamTestName1("1",1,"11111111-1111-1111-1111-111111111212")</Name>
  <FullName>NunitTestsExample2.TestClass1.ParamTestName1("1",1,"11111111-1111-1111-1111-111111111212")</FullName>
  <ClassName>TestClass1</ClassName>
  <ProjectName>NunitTestsExample2</ProjectName>
  <TestDuration>0.20002</TestDuration>
  <DateTimeStart>2016-03-03T12:56:01.5813173+03:00</DateTimeStart>
  <DateTimeFinish>2016-03-03T12:56:01.7813373+03:00</DateTimeFinish>
  <TestStackTrace />
  <TestMessage />
  <Result>Passed</Result>
  <Guid>11111111-1111-1111-1111-111111111212</Guid>
  <AttachmentsPath>C:\_NUnitGoResults\Attachments\11111111-1111-1111-1111-111111111212\</AttachmentsPath>
  <TestHrefRelative>Attachments/11111111-1111-1111-1111-111111111212/test-16-03-03-12-56-01-781.html</TestHrefRelative>
  <TestHrefAbsolute>http://prog124.local.katharsis.ru:1240/AutomatedTests/templates/_ReportsPK8IntegrationTests/Date_2014_11_10_Time_14_48_49/Attachments/11111111-1111-1111-1111-111111111212/test-16-03-03-12-56-01-781.html</TestHrefAbsolute>
  <LogHref />
  <HasOutput>false</HasOutput>
  <Screenshots />
  <Events />
</NunitGoTest>