<?xml version="1.0"?>
<NunitGoTest xmlns:xsd="http://www.w3.org/2001/XMLSchema" xmlns:xsi="http://www.w3.org/2001/XMLSchema-instance">
  <Name>param test 2</Name>
  <FullName>NunitTestsExample2.TestClass1.param test 2</FullName>
  <ClassName>TestClass1</ClassName>
  <ProjectName>NunitTestsExample2</ProjectName>
  <TestDuration>0.40104009999999995</TestDuration>
  <DateTimeStart>2016-03-03T12:40:45.0146698+03:00</DateTimeStart>
  <DateTimeFinish>2016-03-03T12:40:45.4157099+03:00</DateTimeFinish>
  <TestStackTrace />
  <TestMessage />
  <Result>Passed</Result>
  <Guid>11111111-1111-1111-1111-111111111215</Guid>
  <AttachmentsPath>C:\_NUnitGoResults\Attachments\11111111-1111-1111-1111-111111111215\</AttachmentsPath>
  <TestHrefRelative>Attachments/11111111-1111-1111-1111-111111111215/Test-16-03-03-12-40-45-415.html</TestHrefRelative>
  <TestHrefAbsolute>http://prog124.local.katharsis.ru:1240/AutomatedTests/templates/_ReportsPK8IntegrationTests/Date_2014_11_10_Time_14_48_49/Attachments/11111111-1111-1111-1111-111111111215/Test-16-03-03-12-40-45-415.html</TestHrefAbsolute>
  <LogHref />
  <HasOutput>false</HasOutput>
  <Screenshots />
  <Events>
    <TestEvent>
      <Name>Test event 1</Name>
      <Started>2016-03-03T12:40:45.2146898+03:00</Started>
      <Finished>2016-03-03T12:40:45.4157099+03:00</Finished>
    </TestEvent>
  </Events>
</NunitGoTest>