<?xml version="1.0"?>
<NunitGoTest xmlns:xsd="http://www.w3.org/2001/XMLSchema" xmlns:xsi="http://www.w3.org/2001/XMLSchema-instance">
  <Name>TestMethodIgnored</Name>
  <FullName>NunitTestsExample.TestClass1.TestMethodIgnored</FullName>
  <ClassName>TestClass1</ClassName>
  <ProjectName>Project1</ProjectName>
  <TestDuration>0.30203019999999997</TestDuration>
  <DateTimeStart>2016-03-03T12:41:05.6597341+03:00</DateTimeStart>
  <DateTimeFinish>2016-03-03T12:41:05.9617643+03:00</DateTimeFinish>
  <TestStackTrace>в NunitTestsExample.TestClass1.TestMethodIgnored() в c:\_GitHubProjects\NUnitGo\NunitTestsExample\TestClass1.cs:строка 110
</TestStackTrace>
  <TestMessage>Test was ignored!</TestMessage>
  <Result>Skipped:Ignored</Result>
  <Guid>11111111-1111-1111-1111-111111111115</Guid>
  <AttachmentsPath>C:\_NUnitGoResults\Attachments\11111111-1111-1111-1111-111111111115\</AttachmentsPath>
  <TestHrefRelative>Attachments/11111111-1111-1111-1111-111111111115/Test-16-03-03-12-41-05-961.html</TestHrefRelative>
  <TestHrefAbsolute>http://prog124.local.katharsis.ru:1240/AutomatedTests/templates/_ReportsPK8IntegrationTests/Date_2014_11_10_Time_14_48_49/Attachments/11111111-1111-1111-1111-111111111115/Test-16-03-03-12-41-05-961.html</TestHrefAbsolute>
  <LogHref />
  <HasOutput>false</HasOutput>
  <Screenshots>
    <Screenshot>
      <Name>screenshot_20160303124105961.png</Name>
      <Date>2016-03-03T12:41:05.9617643+03:00</Date>
    </Screenshot>
  </Screenshots>
  <Events />
</NunitGoTest>