<?xml version="1.0"?>
<NunitGoTest xmlns:xsd="http://www.w3.org/2001/XMLSchema" xmlns:xsi="http://www.w3.org/2001/XMLSchema-instance">
  <Name>Test 1</Name>
  <FullName>NunitTestsExample.ParamTestClass.Test 1</FullName>
  <ClassName>ParamTestClass</ClassName>
  <ProjectName>NunitTestsExample</ProjectName>
  <TestDuration>0.1210121</TestDuration>
  <DateTimeStart>2016-03-03T12:51:23.6845304+03:00</DateTimeStart>
  <DateTimeFinish>2016-03-03T12:51:23.8055425+03:00</DateTimeFinish>
  <TestStackTrace>в NunitTestsExample.ParamTestClass.ParamTestName(String input, Int32 expected, String guid) в c:\_GitHubProjects\NUnitGo\NunitTestsExample\TestClass4.cs:строка 25
</TestStackTrace>
  <TestMessage>  String lengths are both 1. Strings differ at index 0.
  Expected: "0"
  But was:  "1"
  -----------^
</TestMessage>
  <Result>Failed</Result>
  <Guid>11111111-1111-1111-1111-111111111141</Guid>
  <AttachmentsPath>C:\_NUnitGoResults\Attachments\11111111-1111-1111-1111-111111111141\</AttachmentsPath>
  <TestHrefRelative>Attachments/11111111-1111-1111-1111-111111111141/test-16-03-03-12-51-23-805.html</TestHrefRelative>
  <TestHrefAbsolute>http://prog124.local.katharsis.ru:1240/AutomatedTests/templates/_ReportsPK8IntegrationTests/Date_2014_11_10_Time_14_48_49/Attachments/11111111-1111-1111-1111-111111111141/test-16-03-03-12-51-23-805.html</TestHrefAbsolute>
  <LogHref />
  <HasOutput>false</HasOutput>
  <Screenshots>
    <Screenshot>
      <Name>screenshot_20160303125123806.png</Name>
      <Date>2016-03-03T12:51:23.8065426+03:00</Date>
    </Screenshot>
  </Screenshots>
  <Events />
</NunitGoTest>