<?xml version="1.0"?>
<NunitGoTest xmlns:xsd="http://www.w3.org/2001/XMLSchema" xmlns:xsi="http://www.w3.org/2001/XMLSchema-instance">
  <Name>Long log test name</Name>
  <FullName>NunitTestsExample.TestClass1.LongLogTest</FullName>
  <ClassName>Subsystem1</ClassName>
  <ProjectName>Project1</ProjectName>
  <TestDuration>0.61306129999999992</TestDuration>
  <DateTimeStart>2016-03-03T12:55:52.7514344+03:00</DateTimeStart>
  <DateTimeFinish>2016-03-03T12:55:53.3644957+03:00</DateTimeFinish>
  <TestStackTrace>в NunitTestsExample.TestClass1.LongLogTest() в c:\_GitHubProjects\NUnitGo\NunitTestsExample\TestClass1.cs:строка 71
</TestStackTrace>
  <TestMessage>  Expected: 1
  But was:  2
</TestMessage>
  <Result>Failed</Result>
  <Guid>11111111-1111-1111-1111-111111111111</Guid>
  <AttachmentsPath>C:\_NUnitGoResults\Attachments\11111111-1111-1111-1111-111111111111\</AttachmentsPath>
  <TestHrefRelative>Attachments/11111111-1111-1111-1111-111111111111/test-16-03-03-12-55-53-364.html</TestHrefRelative>
  <TestHrefAbsolute>http://prog124.local.katharsis.ru:1240/AutomatedTests/templates/_ReportsPK8IntegrationTests/Date_2014_11_10_Time_14_48_49/Attachments/11111111-1111-1111-1111-111111111111/test-16-03-03-12-55-53-364.html</TestHrefAbsolute>
  <LogHref />
  <HasOutput>true</HasOutput>
  <Screenshots>
    <Screenshot>
      <Name>screenshot_20160303125553364.png</Name>
      <Date>2016-03-03T12:55:53.3644957+03:00</Date>
    </Screenshot>
  </Screenshots>
  <Events />
</NunitGoTest>