<?xml version="1.0"?>
<NunitGoTest xmlns:xsd="http://www.w3.org/2001/XMLSchema" xmlns:xsi="http://www.w3.org/2001/XMLSchema-instance">
  <Name>Long log test name</Name>
  <FullName>NunitTestsExample.TestClass1.LongLogTest</FullName>
  <ClassName>Subsystem1</ClassName>
  <ProjectName>Project1</ProjectName>
  <TestDuration>0.6030603</TestDuration>
  <DateTimeStart>2016-03-03T12:39:55.741743+03:00</DateTimeStart>
  <DateTimeFinish>2016-03-03T12:39:56.3448033+03:00</DateTimeFinish>
  <TestStackTrace>в NunitTestsExample.TestClass1.LongLogTest() в c:\_GitHubProjects\NUnitGo\NunitTestsExample\TestClass1.cs:строка 71
</TestStackTrace>
  <TestMessage>  Expected: 1
  But was:  2
</TestMessage>
  <Result>Failed</Result>
  <Guid>11111111-1111-1111-1111-111111111111</Guid>
  <AttachmentsPath>C:\_NUnitGoResults\Attachments\11111111-1111-1111-1111-111111111111\</AttachmentsPath>
  <TestHrefRelative>Attachments/11111111-1111-1111-1111-111111111111/Test-16-03-03-12-39-56-344.html</TestHrefRelative>
  <TestHrefAbsolute>http://prog124.local.katharsis.ru:1240/AutomatedTests/templates/_ReportsPK8IntegrationTests/Date_2014_11_10_Time_14_48_49/Attachments/11111111-1111-1111-1111-111111111111/Test-16-03-03-12-39-56-344.html</TestHrefAbsolute>
  <LogHref />
  <HasOutput>true</HasOutput>
  <Screenshots>
    <Screenshot>
      <Name>screenshot_20160303123956344.png</Name>
      <Date>2016-03-03T12:39:56.3448033+03:00</Date>
    </Screenshot>
  </Screenshots>
  <Events />
</NunitGoTest>