<?xml version="1.0"?>
<NunitGoTest xmlns:xsd="http://www.w3.org/2001/XMLSchema" xmlns:xsi="http://www.w3.org/2001/XMLSchema-instance">
  <Name>param test 3</Name>
  <FullName>NunitTestsExample2.TestClass1.param test 3</FullName>
  <ClassName>TestClass1</ClassName>
  <ProjectName>NunitTestsExample2</ProjectName>
  <TestDuration>0.40104009999999995</TestDuration>
  <DateTimeStart>2016-03-03T12:32:06.0537789+03:00</DateTimeStart>
  <DateTimeFinish>2016-03-03T12:32:06.454819+03:00</DateTimeFinish>
  <TestStackTrace>в NunitTestsExample2.TestClass1.ParamTestName2(String input, Int32 expected, String guid) в c:\_GitHubProjects\NUnitGo\NunitTestsExample2\TestClass1.cs:строка 34
</TestStackTrace>
  <TestMessage>  String lengths are both 1. Strings differ at index 0.
  Expected: "2"
  But was:  "1"
  -----------^
</TestMessage>
  <Result>Failed</Result>
  <Guid>11111111-1111-1111-1111-111111111216</Guid>
  <AttachmentsPath>C:\_NUnitGoResults\Attachments\11111111-1111-1111-1111-111111111216\</AttachmentsPath>
  <TestHrefRelative>Attachments/11111111-1111-1111-1111-111111111216/Test-16-03-03-12-32-06-454.html</TestHrefRelative>
  <TestHrefAbsolute>http://prog124.local.katharsis.ru:1240/AutomatedTests/templates/_ReportsPK8IntegrationTests/Date_2014_11_10_Time_14_48_49/Attachments/11111111-1111-1111-1111-111111111216/Test-16-03-03-12-32-06-454.html</TestHrefAbsolute>
  <LogHref />
  <HasOutput>false</HasOutput>
  <Screenshots>
    <Screenshot>
      <Name>screenshot_20160303123206455.png</Name>
      <Date>2016-03-03T12:32:06.4558191+03:00</Date>
    </Screenshot>
  </Screenshots>
  <Events>
    <TestEvent>
      <Name>Test event 1</Name>
      <Started>2016-03-03T12:32:06.2537989+03:00</Started>
      <Finished>2016-03-03T12:32:06.4538189+03:00</Finished>
    </TestEvent>
  </Events>
</NunitGoTest>