<?xml version="1.0"?>
<NunitGoTest xmlns:xsd="http://www.w3.org/2001/XMLSchema" xmlns:xsi="http://www.w3.org/2001/XMLSchema-instance">
  <Name>TestMethodTwoSubs</Name>
  <FullName>NunitTestsExample.TestClass1.TestMethodTwoSubs</FullName>
  <ClassName>Subsystem2</ClassName>
  <ProjectName>Project1</ProjectName>
  <TestDuration>0.3030303</TestDuration>
  <DateTimeStart>2016-03-03T12:51:38.6150233+03:00</DateTimeStart>
  <DateTimeFinish>2016-03-03T12:51:38.9180536+03:00</DateTimeFinish>
  <TestStackTrace>в NunitTestsExample.TestClass1.TestMethodTwoSubs() в c:\_GitHubProjects\NUnitGo\NunitTestsExample\TestClass1.cs:строка 119
</TestStackTrace>
  <TestMessage>Test was ignored!</TestMessage>
  <Result>Skipped:Ignored</Result>
  <Guid>11111111-1111-1111-1111-111111111116</Guid>
  <AttachmentsPath>C:\_NUnitGoResults\Attachments\11111111-1111-1111-1111-111111111116\</AttachmentsPath>
  <TestHrefRelative>Attachments/11111111-1111-1111-1111-111111111116/test-16-03-03-12-51-38-918.html</TestHrefRelative>
  <TestHrefAbsolute>http://prog124.local.katharsis.ru:1240/AutomatedTests/templates/_ReportsPK8IntegrationTests/Date_2014_11_10_Time_14_48_49/Attachments/11111111-1111-1111-1111-111111111116/test-16-03-03-12-51-38-918.html</TestHrefAbsolute>
  <LogHref />
  <HasOutput>false</HasOutput>
  <Screenshots>
    <Screenshot>
      <Name>screenshot_20160303125138918.png</Name>
      <Date>2016-03-03T12:51:38.9180536+03:00</Date>
    </Screenshot>
  </Screenshots>
  <Events />
</NunitGoTest>