<?xml version="1.0"?>
<NunitGoTest xmlns:xsd="http://www.w3.org/2001/XMLSchema" xmlns:xsi="http://www.w3.org/2001/XMLSchema-instance">
  <Name>Test 7</Name>
  <FullName>NunitTestsExample.ParamTestClass.Test 7</FullName>
  <ClassName>ParamTestClass</ClassName>
  <ProjectName>NunitTestsExample</ProjectName>
  <TestDuration>0.10101009999999999</TestDuration>
  <DateTimeStart>2016-03-03T12:49:20.6622294+03:00</DateTimeStart>
  <DateTimeFinish>2016-03-03T12:49:20.7632395+03:00</DateTimeFinish>
  <TestStackTrace />
  <TestMessage />
  <Result>Passed</Result>
  <Guid>11111111-1111-1111-1111-111111111147</Guid>
  <AttachmentsPath>C:\_NUnitGoResults\Attachments\11111111-1111-1111-1111-111111111147\</AttachmentsPath>
  <TestHrefRelative>Attachments/11111111-1111-1111-1111-111111111147/test-16-03-03-12-49-20-763.html</TestHrefRelative>
  <TestHrefAbsolute>http://prog124.local.katharsis.ru:1240/AutomatedTests/templates/_ReportsPK8IntegrationTests/Date_2014_11_10_Time_14_48_49/Attachments/11111111-1111-1111-1111-111111111147/test-16-03-03-12-49-20-763.html</TestHrefAbsolute>
  <LogHref />
  <HasOutput>false</HasOutput>
  <Screenshots />
  <Events />
</NunitGoTest>