<?xml version="1.0"?>
<NunitGoTest xmlns:xsd="http://www.w3.org/2001/XMLSchema" xmlns:xsi="http://www.w3.org/2001/XMLSchema-instance">
  <Name>Testing name attribute</Name>
  <FullName>NunitTestsExample2.TestClass1.Testing name attribute</FullName>
  <ClassName>TestClass1</ClassName>
  <ProjectName>NunitTestsExample2</ProjectName>
  <TestDuration>0.20102009999999998</TestDuration>
  <DateTimeStart>2016-03-03T12:55:13.4004997+03:00</DateTimeStart>
  <DateTimeFinish>2016-03-03T12:55:13.6015198+03:00</DateTimeFinish>
  <TestStackTrace />
  <TestMessage />
  <Result>Passed</Result>
  <Guid>11111111-1111-1111-1111-111111111213</Guid>
  <AttachmentsPath>C:\_NUnitGoResults\Attachments\11111111-1111-1111-1111-111111111213\</AttachmentsPath>
  <TestHrefRelative>Attachments/11111111-1111-1111-1111-111111111213/test-16-03-03-12-55-13-601.html</TestHrefRelative>
  <TestHrefAbsolute>http://prog124.local.katharsis.ru:1240/AutomatedTests/templates/_ReportsPK8IntegrationTests/Date_2014_11_10_Time_14_48_49/Attachments/11111111-1111-1111-1111-111111111213/test-16-03-03-12-55-13-601.html</TestHrefAbsolute>
  <LogHref />
  <HasOutput>false</HasOutput>
  <Screenshots />
  <Events />
</NunitGoTest>