<?xml version="1.0"?>
<NunitGoTest xmlns:xsd="http://www.w3.org/2001/XMLSchema" xmlns:xsi="http://www.w3.org/2001/XMLSchema-instance">
  <Name>Successful test with 3 events</Name>
  <FullName>NunitTestsExample.TestClass1.SuccessTestThreeEvents</FullName>
  <ClassName>Subsystem1</ClassName>
  <ProjectName>Project1</ProjectName>
  <TestDuration>1.1511151</TestDuration>
  <DateTimeStart>2016-03-03T12:33:45.2136939+03:00</DateTimeStart>
  <DateTimeFinish>2016-03-03T12:33:46.364809+03:00</DateTimeFinish>
  <TestStackTrace />
  <TestMessage />
  <Result>Passed</Result>
  <Guid>11111111-1111-1111-1111-111111111110</Guid>
  <AttachmentsPath>C:\_NUnitGoResults\Attachments\11111111-1111-1111-1111-111111111110\</AttachmentsPath>
  <TestHrefRelative>Attachments/11111111-1111-1111-1111-111111111110/Test-16-03-03-12-33-46-364.html</TestHrefRelative>
  <TestHrefAbsolute>http://prog124.local.katharsis.ru:1240/AutomatedTests/templates/_ReportsPK8IntegrationTests/Date_2014_11_10_Time_14_48_49/Attachments/11111111-1111-1111-1111-111111111110/Test-16-03-03-12-33-46-364.html</TestHrefAbsolute>
  <LogHref />
  <HasOutput>false</HasOutput>
  <Screenshots />
  <Events>
    <TestEvent>
      <Name>Checking some stuff 1</Name>
      <Started>2016-03-03T12:33:45.214694+03:00</Started>
      <Finished>2016-03-03T12:33:45.5987324+03:00</Finished>
    </TestEvent>
    <TestEvent>
      <Name>Checking some stuff 2</Name>
      <Started>2016-03-03T12:33:45.5987324+03:00</Started>
      <Finished>2016-03-03T12:33:45.804753+03:00</Finished>
    </TestEvent>
    <TestEvent>
      <Name>Checking some stuff 3</Name>
      <Started>2016-03-03T12:33:45.7987524+03:00</Started>
      <Finished>2016-03-03T12:33:45.804753+03:00</Finished>
    </TestEvent>
  </Events>
</NunitGoTest>