<?xml version="1.0"?>
<NunitGoTest xmlns:xsd="http://www.w3.org/2001/XMLSchema" xmlns:xsi="http://www.w3.org/2001/XMLSchema-instance">
  <Name>Three screenshots expected test</Name>
  <FullName>NunitTestsExample.TestClass1.ThreeScreenshotsExpected</FullName>
  <ClassName>Subsystem2</ClassName>
  <ProjectName>Project1</ProjectName>
  <TestDuration>0.9340934</TestDuration>
  <DateTimeStart>2016-03-03T12:31:59.774151+03:00</DateTimeStart>
  <DateTimeFinish>2016-03-03T12:32:00.7082444+03:00</DateTimeFinish>
  <TestStackTrace>   в NunitTestsExample.TestClass1.ThreeScreenshotsExpected() в c:\_GitHubProjects\NUnitGo\NunitTestsExample\TestClass1.cs:строка 96</TestStackTrace>
  <TestMessage>System.Exception : Some error occured!</TestMessage>
  <Result>Failed:Error</Result>
  <Guid>11111111-1111-1111-1111-111111111113</Guid>
  <AttachmentsPath>C:\_NUnitGoResults\Attachments\11111111-1111-1111-1111-111111111113\</AttachmentsPath>
  <TestHrefRelative>Attachments/11111111-1111-1111-1111-111111111113/Test-16-03-03-12-32-00-708.html</TestHrefRelative>
  <TestHrefAbsolute>http://prog124.local.katharsis.ru:1240/AutomatedTests/templates/_ReportsPK8IntegrationTests/Date_2014_11_10_Time_14_48_49/Attachments/11111111-1111-1111-1111-111111111113/Test-16-03-03-12-32-00-708.html</TestHrefAbsolute>
  <LogHref />
  <HasOutput>true</HasOutput>
  <Screenshots>
    <Screenshot>
      <Name>screenshot_20160303123200711.png</Name>
      <Date>2016-03-03T12:32:00.7112447+03:00</Date>
    </Screenshot>
    <Screenshot>
      <Name>screenshot_20160303123159775.png</Name>
      <Date>2016-03-03T12:31:59.7751511+03:00</Date>
    </Screenshot>
    <Screenshot>
      <Name>screenshot_20160303123200290.png</Name>
      <Date>2016-03-03T12:32:00.2902026+03:00</Date>
    </Screenshot>
  </Screenshots>
  <Events />
</NunitGoTest>