<?xml version="1.0"?>
<NunitGoTest xmlns:xsd="http://www.w3.org/2001/XMLSchema" xmlns:xsi="http://www.w3.org/2001/XMLSchema-instance">
  <Name>Three screenshots expected test</Name>
  <FullName>NunitTestsExample.TestClass1.ThreeScreenshotsExpected</FullName>
  <ClassName>Subsystem2</ClassName>
  <ProjectName>Project1</ProjectName>
  <TestDuration>0.9420942</TestDuration>
  <DateTimeStart>2016-03-03T12:40:01.0312719+03:00</DateTimeStart>
  <DateTimeFinish>2016-03-03T12:40:01.9733661+03:00</DateTimeFinish>
  <TestStackTrace>   в NunitTestsExample.TestClass1.ThreeScreenshotsExpected() в c:\_GitHubProjects\NUnitGo\NunitTestsExample\TestClass1.cs:строка 96</TestStackTrace>
  <TestMessage>System.Exception : Some error occured!</TestMessage>
  <Result>Failed:Error</Result>
  <Guid>11111111-1111-1111-1111-111111111113</Guid>
  <AttachmentsPath>C:\_NUnitGoResults\Attachments\11111111-1111-1111-1111-111111111113\</AttachmentsPath>
  <TestHrefRelative>Attachments/11111111-1111-1111-1111-111111111113/Test-16-03-03-12-40-01-973.html</TestHrefRelative>
  <TestHrefAbsolute>http://prog124.local.katharsis.ru:1240/AutomatedTests/templates/_ReportsPK8IntegrationTests/Date_2014_11_10_Time_14_48_49/Attachments/11111111-1111-1111-1111-111111111113/Test-16-03-03-12-40-01-973.html</TestHrefAbsolute>
  <LogHref />
  <HasOutput>true</HasOutput>
  <Screenshots>
    <Screenshot>
      <Name>screenshot_20160303124001973.png</Name>
      <Date>2016-03-03T12:40:01.9733661+03:00</Date>
    </Screenshot>
    <Screenshot>
      <Name>screenshot_20160303124001032.png</Name>
      <Date>2016-03-03T12:40:01.032272+03:00</Date>
    </Screenshot>
    <Screenshot>
      <Name>screenshot_20160303124001546.png</Name>
      <Date>2016-03-03T12:40:01.5463234+03:00</Date>
    </Screenshot>
  </Screenshots>
  <Events />
</NunitGoTest>