<?xml version="1.0"?>
<NunitGoTest xmlns:xsd="http://www.w3.org/2001/XMLSchema" xmlns:xsi="http://www.w3.org/2001/XMLSchema-instance">
  <Name>SuccessTest</Name>
  <FullName>NunitTestsExample.TestClass1.SuccessTest</FullName>
  <ClassName>Subsystem1</ClassName>
  <ProjectName>Project1</ProjectName>
  <TestDuration>0.20002</TestDuration>
  <DateTimeStart>2016-03-03T12:35:55.2566969+03:00</DateTimeStart>
  <DateTimeFinish>2016-03-03T12:35:55.4567169+03:00</DateTimeFinish>
  <TestStackTrace />
  <TestMessage />
  <Result>Passed</Result>
  <Guid>11111111-1111-1111-1111-111111111112</Guid>
  <AttachmentsPath>C:\_NUnitGoResults\Attachments\11111111-1111-1111-1111-111111111112\</AttachmentsPath>
  <TestHrefRelative>Attachments/11111111-1111-1111-1111-111111111112/Test-16-03-03-12-35-55-456.html</TestHrefRelative>
  <TestHrefAbsolute>http://prog124.local.katharsis.ru:1240/AutomatedTests/templates/_ReportsPK8IntegrationTests/Date_2014_11_10_Time_14_48_49/Attachments/11111111-1111-1111-1111-111111111112/Test-16-03-03-12-35-55-456.html</TestHrefAbsolute>
  <LogHref />
  <HasOutput>false</HasOutput>
  <Screenshots />
  <Events />
</NunitGoTest>