<?xml version="1.0"?>
<NunitGoTest xmlns:xsd="http://www.w3.org/2001/XMLSchema" xmlns:xsi="http://www.w3.org/2001/XMLSchema-instance">
  <Name>TestMethodInconclusive</Name>
  <FullName>NunitTestsExample.TestClass1.TestMethodInconclusive</FullName>
  <ClassName>Subsystem2</ClassName>
  <ProjectName>Project1</ProjectName>
  <TestDuration>0.30103009999999997</TestDuration>
  <DateTimeStart>2016-03-03T12:35:58.548026+03:00</DateTimeStart>
  <DateTimeFinish>2016-03-03T12:35:58.8490561+03:00</DateTimeFinish>
  <TestStackTrace>в NunitTestsExample.TestClass1.TestMethodInconclusive() в c:\_GitHubProjects\NUnitGo\NunitTestsExample\TestClass1.cs:строка 103
</TestStackTrace>
  <TestMessage>Inconc. test :)</TestMessage>
  <Result>Inconclusive</Result>
  <Guid>11111111-1111-1111-1111-111111111114</Guid>
  <AttachmentsPath>C:\_NUnitGoResults\Attachments\11111111-1111-1111-1111-111111111114\</AttachmentsPath>
  <TestHrefRelative>Attachments/11111111-1111-1111-1111-111111111114/Test-16-03-03-12-35-58-849.html</TestHrefRelative>
  <TestHrefAbsolute>http://prog124.local.katharsis.ru:1240/AutomatedTests/templates/_ReportsPK8IntegrationTests/Date_2014_11_10_Time_14_48_49/Attachments/11111111-1111-1111-1111-111111111114/Test-16-03-03-12-35-58-849.html</TestHrefAbsolute>
  <LogHref />
  <HasOutput>false</HasOutput>
  <Screenshots>
    <Screenshot>
      <Name>screenshot_20160303123558850.png</Name>
      <Date>2016-03-03T12:35:58.8500562+03:00</Date>
    </Screenshot>
  </Screenshots>
  <Events />
</NunitGoTest>