<?xml version="1.0"?>
<NunitGoTest xmlns:xsd="http://www.w3.org/2001/XMLSchema" xmlns:xsi="http://www.w3.org/2001/XMLSchema-instance">
  <Name>Unsuccessful test with 3 events</Name>
  <FullName>NunitTestsExample.TestClass1.UnsuccessTestThreeEvents</FullName>
  <ClassName>Subsystem1</ClassName>
  <ProjectName>Project1</ProjectName>
  <TestDuration>0.7020702</TestDuration>
  <DateTimeStart>2016-03-03T12:40:02.7484436+03:00</DateTimeStart>
  <DateTimeFinish>2016-03-03T12:40:03.4505138+03:00</DateTimeFinish>
  <TestStackTrace>в NunitTestsExample.TestClass1.UnsuccessTestThreeEvents() в c:\_GitHubProjects\NUnitGo\NunitTestsExample\TestClass1.cs:строка 24
</TestStackTrace>
  <TestMessage>  Expected: 1
  But was:  2
</TestMessage>
  <Result>Failed</Result>
  <Guid>11111111-1111-1111-1111-111111111100</Guid>
  <AttachmentsPath>C:\_NUnitGoResults\Attachments\11111111-1111-1111-1111-111111111100\</AttachmentsPath>
  <TestHrefRelative>Attachments/11111111-1111-1111-1111-111111111100/Test-16-03-03-12-40-03-450.html</TestHrefRelative>
  <TestHrefAbsolute>http://prog124.local.katharsis.ru:1240/AutomatedTests/templates/_ReportsPK8IntegrationTests/Date_2014_11_10_Time_14_48_49/Attachments/11111111-1111-1111-1111-111111111100/Test-16-03-03-12-40-03-450.html</TestHrefAbsolute>
  <LogHref />
  <HasOutput>false</HasOutput>
  <Screenshots>
    <Screenshot>
      <Name>screenshot_20160303124003450.png</Name>
      <Date>2016-03-03T12:40:03.4505138+03:00</Date>
    </Screenshot>
  </Screenshots>
  <Events>
    <TestEvent>
      <Name>Checking something</Name>
      <Started>2016-03-03T12:40:02.7494437+03:00</Started>
      <Finished>2016-03-03T12:40:03.2494937+03:00</Finished>
    </TestEvent>
    <TestEvent>
      <Name>Some operation time</Name>
      <Started>2016-03-03T12:40:03.2494937+03:00</Started>
      <Finished>2016-03-03T12:40:03.4505138+03:00</Finished>
    </TestEvent>
    <TestEvent>
      <Name>Suboperation time</Name>
      <Started>2016-03-03T12:40:03.4495137+03:00</Started>
      <Finished>2016-03-03T12:40:03.4505138+03:00</Finished>
    </TestEvent>
  </Events>
</NunitGoTest>